This file contains any messages produced by compilers while
running configure, to aid debugging if configure makes a mistake.

It was created by QRencode configure 3.4.4, which was
generated by GNU Autoconf 2.69.  Invocation command line was

  $ ./configure 

## --------- ##
## Platform. ##
## --------- ##

hostname = W7CNSHRO0105485
uname -m = i686
uname -r = 1.0.17(0.48/3/2)
uname -s = MINGW32_NT-6.1
uname -v = 2011-04-24 23:39

/usr/bin/uname -p = unknown
/bin/uname -X     = unknown

/bin/arch              = unknown
/usr/bin/arch -k       = unknown
/usr/convex/getsysinfo = unknown
/usr/bin/hostinfo      = unknown
/bin/machine           = unknown
/usr/bin/oslevel       = unknown
/bin/universe          = unknown

PATH: /d/System/PortableApps/ConEmuPack
PATH: /c/IBM/RationalSDLC/Clearquest/cqcli/bin
PATH: /c/IBM/RationalSDLC/common
PATH: /c/Aegis/MinGW/bin
PATH: /usr/bin
PATH: /c/Program Files/CollabNet/Subversion Client
PATH: /c/Program Files (x86)/Microchip/xc16/v1.11/bin
PATH:  C
PATH: /Program Files (x86)/Perl/bin
PATH: /c/Windows/system32
PATH: /c/Windows
PATH: /c/Windows/System32/Wbem
PATH: /c/Windows/System32/WindowsPowerShell/v1.0/
PATH: /c/Program Files (x86)/Java/jdk1.7.0_03/bin
PATH: /c/Program Files (x86)/SEGGER/JLinkARM_V420h/
PATH: /d/System/bat
PATH: /g/gaia_ext/GAIA/GAIA_Tools_Ext
PATH: /c/Program Files (x86)/Git/cmd
PATH: /c/Aegis/klockwork/bin
PATH: /c/Program Files/TortoiseGit/bin
PATH: /c/Program Files/IAR Systems/Embedded Workbench ARM 6.70.1/arm/bin
PATH: /c/Program Files/TortoiseSVN/bin
PATH: /d/Program Files/Calibre2/
PATH: /w/GladiatorFirmware/Scripts
PATH: /c/IBM/RationalSDLC/ClearCase/bin
PATH: /c/Program Files (x86)/IBM/gsk8/lib
PATH: /c/Program Files (x86)/IBM/gsk8/bin
PATH: /c/Program Files (x86)/Collaborator Client
PATH: /d/Program Files (x86)/GNU/GnuPG/pub


## ----------- ##
## Core tests. ##
## ----------- ##

configure:2237: checking build system type
configure:2251: result: i686-pc-mingw32
configure:2271: checking host system type
configure:2284: result: i686-pc-mingw32
configure:2304: checking target system type
configure:2317: result: i686-pc-mingw32
configure:2360: checking for a BSD-compatible install
configure:2428: result: /usr/bin/install -c
configure:2439: checking whether build environment is sane
configure:2494: result: yes
configure:2645: checking for a thread-safe mkdir -p
configure:2684: result: /usr/bin/mkdir -p
configure:2691: checking for gawk
configure:2707: found /usr/bin/gawk
configure:2718: result: gawk
configure:2729: checking whether make sets $(MAKE)
configure:2751: result: yes
configure:2780: checking whether make supports nested variables
configure:2797: result: yes
configure:2966: checking for style of include used by make
configure:2994: result: GNU
configure:3065: checking for gcc
configure:3081: found /c/Aegis/MinGW/bin/gcc
configure:3092: result: gcc
configure:3321: checking for C compiler version
configure:3330: gcc --version >&5
gcc.exe (GCC) 4.5.2
Copyright (C) 2010 Free Software Foundation, Inc.
This is free software; see the source for copying conditions.  There is NO
warranty; not even for MERCHANTABILITY or FITNESS FOR A PARTICULAR PURPOSE.

configure:3341: $? = 0
configure:3330: gcc -v >&5
Using built-in specs.
COLLECT_GCC=c:\Aegis\MinGW\bin\gcc.exe
COLLECT_LTO_WRAPPER=c:/aegis/mingw/bin/../libexec/gcc/mingw32/4.5.2/lto-wrapper.exe
Target: mingw32
Configured with: ../gcc-4.5.2/configure --enable-languages=c,c++,ada,fortran,objc,obj-c++ --disable-sjlj-exceptions --with-dwarf2 --enable-shared --enable-libgomp --disable-win32-registry --enable-libstdcxx-debug --enable-version-specific-runtime-libs --disable-werror --build=mingw32 --prefix=/mingw
Thread model: win32
gcc version 4.5.2 (GCC) 
configure:3341: $? = 0
configure:3330: gcc -V >&5
gcc.exe: '-V' option must have argument
configure:3341: $? = 1
configure:3330: gcc -qversion >&5
gcc.exe: unrecognized option '-qversion'
gcc.exe: no input files
configure:3341: $? = 1
configure:3361: checking whether the C compiler works
configure:3383: gcc    conftest.c  >&5
configure:3387: $? = 0
configure:3435: result: yes
configure:3438: checking for C compiler default output file name
configure:3440: result: a.exe
configure:3446: checking for suffix of executables
configure:3453: gcc -o conftest.exe    conftest.c  >&5
configure:3457: $? = 0
configure:3479: result: .exe
configure:3501: checking whether we are cross compiling
configure:3509: gcc -o conftest.exe    conftest.c  >&5
configure:3513: $? = 0
configure:3520: ./conftest.exe
configure:3524: $? = 0
configure:3539: result: no
configure:3544: checking for suffix of object files
configure:3566: gcc -c   conftest.c >&5
configure:3570: $? = 0
configure:3591: result: o
configure:3595: checking whether we are using the GNU C compiler
configure:3614: gcc -c   conftest.c >&5
configure:3614: $? = 0
configure:3623: result: yes
configure:3632: checking whether gcc accepts -g
configure:3652: gcc -c -g  conftest.c >&5
configure:3652: $? = 0
configure:3693: result: yes
configure:3710: checking for gcc option to accept ISO C89
configure:3773: gcc  -c -g -O2  conftest.c >&5
configure:3773: $? = 0
configure:3786: result: none needed
configure:3811: checking whether gcc understands -c and -o together
configure:3833: gcc -c conftest.c -o conftest2.o
configure:3836: $? = 0
configure:3833: gcc -c conftest.c -o conftest2.o
configure:3836: $? = 0
configure:3848: result: yes
configure:3867: checking dependency style of gcc
configure:3978: result: gcc3
configure:3994: checking for an ANSI C-conforming const
configure:4060: gcc -c -g -O2  conftest.c >&5
configure:4060: $? = 0
configure:4067: result: yes
configure:4075: checking for inline
configure:4091: gcc -c -g -O2  conftest.c >&5
configure:4091: $? = 0
configure:4099: result: inline
configure:4122: checking how to run the C preprocessor
configure:4153: gcc -E  conftest.c
configure:4153: $? = 0
configure:4167: gcc -E  conftest.c
conftest.c:14:28: fatal error: ac_nonexistent.h: No such file or directory
compilation terminated.
configure:4167: $? = 1
configure: failed program was:
| /* confdefs.h */
| #define PACKAGE_NAME "QRencode"
| #define PACKAGE_TARNAME "qrencode"
| #define PACKAGE_VERSION "3.4.4"
| #define PACKAGE_STRING "QRencode 3.4.4"
| #define PACKAGE_BUGREPORT ""
| #define PACKAGE_URL ""
| #define MAJOR_VERSION 3
| #define MINOR_VERSION 4
| #define MICRO_VERSION 4
| #define PACKAGE "qrencode"
| #define VERSION "3.4.4"
| /* end confdefs.h.  */
| #include <ac_nonexistent.h>
configure:4192: result: gcc -E
configure:4212: gcc -E  conftest.c
configure:4212: $? = 0
configure:4226: gcc -E  conftest.c
conftest.c:14:28: fatal error: ac_nonexistent.h: No such file or directory
compilation terminated.
configure:4226: $? = 1
configure: failed program was:
| /* confdefs.h */
| #define PACKAGE_NAME "QRencode"
| #define PACKAGE_TARNAME "qrencode"
| #define PACKAGE_VERSION "3.4.4"
| #define PACKAGE_STRING "QRencode 3.4.4"
| #define PACKAGE_BUGREPORT ""
| #define PACKAGE_URL ""
| #define MAJOR_VERSION 3
| #define MINOR_VERSION 4
| #define MICRO_VERSION 4
| #define PACKAGE "qrencode"
| #define VERSION "3.4.4"
| /* end confdefs.h.  */
| #include <ac_nonexistent.h>
configure:4255: checking for grep that handles long lines and -e
configure:4313: result: /usr/bin/grep
configure:4318: checking for egrep
configure:4380: result: /usr/bin/grep -E
configure:4385: checking for ANSI C header files
configure:4405: gcc -c -g -O2  conftest.c >&5
configure:4405: $? = 0
configure:4478: gcc -o conftest.exe -g -O2   conftest.c  >&5
configure:4478: $? = 0
configure:4478: ./conftest.exe
configure:4478: $? = 0
configure:4489: result: yes
configure:4546: checking for gcc
configure:4573: result: gcc
configure:4802: checking for C compiler version
configure:4811: gcc --version >&5
gcc.exe (GCC) 4.5.2
Copyright (C) 2010 Free Software Foundation, Inc.
This is free software; see the source for copying conditions.  There is NO
warranty; not even for MERCHANTABILITY or FITNESS FOR A PARTICULAR PURPOSE.

configure:4822: $? = 0
configure:4811: gcc -v >&5
Using built-in specs.
COLLECT_GCC=c:\Aegis\MinGW\bin\gcc.exe
COLLECT_LTO_WRAPPER=c:/aegis/mingw/bin/../libexec/gcc/mingw32/4.5.2/lto-wrapper.exe
Target: mingw32
Configured with: ../gcc-4.5.2/configure --enable-languages=c,c++,ada,fortran,objc,obj-c++ --disable-sjlj-exceptions --with-dwarf2 --enable-shared --enable-libgomp --disable-win32-registry --enable-libstdcxx-debug --enable-version-specific-runtime-libs --disable-werror --build=mingw32 --prefix=/mingw
Thread model: win32
gcc version 4.5.2 (GCC) 
configure:4822: $? = 0
configure:4811: gcc -V >&5
gcc.exe: '-V' option must have argument
configure:4822: $? = 1
configure:4811: gcc -qversion >&5
gcc.exe: unrecognized option '-qversion'
gcc.exe: no input files
configure:4822: $? = 1
configure:4826: checking whether we are using the GNU C compiler
configure:4854: result: yes
configure:4863: checking whether gcc accepts -g
configure:4924: result: yes
configure:4941: checking for gcc option to accept ISO C89
configure:5017: result: none needed
configure:5042: checking whether gcc understands -c and -o together
configure:5079: result: yes
configure:5098: checking dependency style of gcc
configure:5209: result: gcc3
configure:5272: checking how to print strings
configure:5299: result: printf
configure:5320: checking for a sed that does not truncate output
configure:5384: result: /usr/bin/sed
configure:5402: checking for fgrep
configure:5464: result: /usr/bin/grep -F
configure:5499: checking for ld used by gcc
configure:5566: result: c:/aegis/mingw/mingw32/bin/ld.exe
configure:5573: checking if the linker (c:/aegis/mingw/mingw32/bin/ld.exe) is GNU ld
configure:5588: result: yes
configure:5600: checking for BSD- or MS-compatible name lister (nm)
configure:5649: result: /c/Aegis/MinGW/bin/nm
configure:5779: checking the name lister (/c/Aegis/MinGW/bin/nm) interface
configure:5786: gcc -c -g -O2  conftest.c >&5
configure:5789: /c/Aegis/MinGW/bin/nm "conftest.o"
configure:5792: output
00000000 b .bss
00000000 d .data
00000000 N .debug_abbrev
00000000 N .debug_info
00000000 N .debug_line
00000000 N .debug_pubnames
00000000 t .text
00000000 B _some_variable
configure:5799: result: BSD nm
configure:5802: checking whether ln -s works
configure:5809: result: no, using cp -pR
configure:5814: checking the maximum length of command line arguments
configure:5945: result: 8192
configure:5962: checking whether the shell understands some XSI constructs
configure:5972: result: yes
configure:5976: checking whether the shell understands "+="
configure:5982: result: yes
configure:6017: checking how to convert i686-pc-mingw32 file names to i686-pc-mingw32 format
configure:6057: result: func_convert_file_msys_to_w32
configure:6064: checking how to convert i686-pc-mingw32 file names to toolchain format
configure:6084: result: func_convert_file_msys_to_w32
configure:6091: checking for c:/aegis/mingw/mingw32/bin/ld.exe option to reload object files
configure:6098: result: -r
configure:6172: checking for objdump
configure:6188: found /c/Aegis/MinGW/bin/objdump
configure:6199: result: objdump
configure:6231: checking how to recognize dependent libraries
configure:6429: result: file_magic ^x86 archive import|^x86 DLL
configure:6514: checking for dlltool
configure:6530: found /c/Aegis/MinGW/bin/dlltool
configure:6541: result: dlltool
configure:6574: checking how to associate runtime and link libraries
configure:6601: result: func_cygming_dll_for_implib
configure:6661: checking for ar
configure:6677: found /c/Aegis/MinGW/bin/ar
configure:6688: result: ar
configure:6725: checking for archiver @FILE support
configure:6742: gcc -c -g -O2  conftest.c >&5
configure:6742: $? = 0
configure:6745: ar cru libconftest.a @conftest.lst >&5
configure:6748: $? = 0
configure:6753: ar cru libconftest.a @conftest.lst >&5
c:\Aegis\MinGW\bin\ar.exe: conftest.o: No such file or directory
configure:6756: $? = 1
configure:6768: result: @
configure:6826: checking for strip
configure:6842: found /c/Aegis/MinGW/bin/strip
configure:6853: result: strip
configure:6925: checking for ranlib
configure:6941: found /c/Aegis/MinGW/bin/ranlib
configure:6952: result: ranlib
configure:7054: checking command to parse /c/Aegis/MinGW/bin/nm output from gcc object
configure:7174: gcc -c -g -O2  conftest.c >&5
configure:7177: $? = 0
configure:7181: /c/Aegis/MinGW/bin/nm conftest.o \| sed -n -e 's/^.*[ ]\([ABCDGIRSTW][ABCDGIRSTW]*\)[ ][ ]*\([_A-Za-z][_A-Za-z0-9]*\)\{0,1\}$/\1 \2 \2/p' | sed '/ __gnu_lto/d' \> conftest.nm
configure:7184: $? = 0
cannot find nm_test_var in conftest.nm
configure:7174: gcc -c -g -O2  conftest.c >&5
configure:7177: $? = 0
configure:7181: /c/Aegis/MinGW/bin/nm conftest.o \| sed -n -e 's/^.*[ ]\([ABCDGIRSTW][ABCDGIRSTW]*\)[ ][ ]*_\([_A-Za-z][_A-Za-z0-9]*\)\{0,1\}$/\1 _\2 \2/p' | sed '/ __gnu_lto/d' \> conftest.nm
configure:7184: $? = 0
configure:7250: gcc -o conftest.exe -g -O2   conftest.c conftstm.o >&5
configure:7253: $? = 0
configure:7291: result: ok
configure:7328: checking for sysroot
configure:7358: result: no
configure:7627: checking for mt
configure:7657: result: no
configure:7677: checking if : is a manifest tool
configure:7683: : '-?'
configure:7691: result: no
configure:8333: checking for sys/types.h
configure:8333: gcc -c -g -O2  conftest.c >&5
configure:8333: $? = 0
configure:8333: result: yes
configure:8333: checking for sys/stat.h
configure:8333: gcc -c -g -O2  conftest.c >&5
configure:8333: $? = 0
configure:8333: result: yes
configure:8333: checking for stdlib.h
configure:8333: gcc -c -g -O2  conftest.c >&5
configure:8333: $? = 0
configure:8333: result: yes
configure:8333: checking for string.h
configure:8333: gcc -c -g -O2  conftest.c >&5
configure:8333: $? = 0
configure:8333: result: yes
configure:8333: checking for memory.h
configure:8333: gcc -c -g -O2  conftest.c >&5
configure:8333: $? = 0
configure:8333: result: yes
configure:8333: checking for strings.h
configure:8333: gcc -c -g -O2  conftest.c >&5
configure:8333: $? = 0
configure:8333: result: yes
configure:8333: checking for inttypes.h
configure:8333: gcc -c -g -O2  conftest.c >&5
configure:8333: $? = 0
configure:8333: result: yes
configure:8333: checking for stdint.h
configure:8333: gcc -c -g -O2  conftest.c >&5
configure:8333: $? = 0
configure:8333: result: yes
configure:8333: checking for unistd.h
configure:8333: gcc -c -g -O2  conftest.c >&5
configure:8333: $? = 0
configure:8333: result: yes
configure:8347: checking for dlfcn.h
configure:8347: gcc -c -g -O2  conftest.c >&5
conftest.c:58:19: fatal error: dlfcn.h: No such file or directory
compilation terminated.
configure:8347: $? = 1
configure: failed program was:
| /* confdefs.h */
| #define PACKAGE_NAME "QRencode"
| #define PACKAGE_TARNAME "qrencode"
| #define PACKAGE_VERSION "3.4.4"
| #define PACKAGE_STRING "QRencode 3.4.4"
| #define PACKAGE_BUGREPORT ""
| #define PACKAGE_URL ""
| #define MAJOR_VERSION 3
| #define MINOR_VERSION 4
| #define MICRO_VERSION 4
| #define PACKAGE "qrencode"
| #define VERSION "3.4.4"
| #define STDC_HEADERS 1
| #define HAVE_SYS_TYPES_H 1
| #define HAVE_SYS_STAT_H 1
| #define HAVE_STDLIB_H 1
| #define HAVE_STRING_H 1
| #define HAVE_MEMORY_H 1
| #define HAVE_STRINGS_H 1
| #define HAVE_INTTYPES_H 1
| #define HAVE_STDINT_H 1
| #define HAVE_UNISTD_H 1
| /* end confdefs.h.  */
| #include <stdio.h>
| #ifdef HAVE_SYS_TYPES_H
| # include <sys/types.h>
| #endif
| #ifdef HAVE_SYS_STAT_H
| # include <sys/stat.h>
| #endif
| #ifdef STDC_HEADERS
| # include <stdlib.h>
| # include <stddef.h>
| #else
| # ifdef HAVE_STDLIB_H
| #  include <stdlib.h>
| # endif
| #endif
| #ifdef HAVE_STRING_H
| # if !defined STDC_HEADERS && defined HAVE_MEMORY_H
| #  include <memory.h>
| # endif
| # include <string.h>
| #endif
| #ifdef HAVE_STRINGS_H
| # include <strings.h>
| #endif
| #ifdef HAVE_INTTYPES_H
| # include <inttypes.h>
| #endif
| #ifdef HAVE_STDINT_H
| # include <stdint.h>
| #endif
| #ifdef HAVE_UNISTD_H
| # include <unistd.h>
| #endif
| 
| #include <dlfcn.h>
configure:8347: result: no
configure:8523: checking for objdir
configure:8538: result: .libs
configure:8805: checking if gcc supports -fno-rtti -fno-exceptions
configure:8823: gcc -c -g -O2  -fno-rtti -fno-exceptions conftest.c >&5
cc1.exe: warning: command line option "-fno-rtti" is valid for C++/ObjC++ but not for C
configure:8827: $? = 0
configure:8840: result: no
configure:9167: checking for gcc option to produce PIC
configure:9174: result: -DDLL_EXPORT -DPIC
configure:9182: checking if gcc PIC flag -DDLL_EXPORT -DPIC works
configure:9200: gcc -c -g -O2  -DDLL_EXPORT -DPIC -DPIC conftest.c >&5
configure:9204: $? = 0
configure:9217: result: yes
configure:9246: checking if gcc static flag -static works
configure:9274: result: yes
configure:9289: checking if gcc supports -c -o file.o
configure:9310: gcc -c -g -O2  -o out/conftest2.o conftest.c >&5
configure:9314: $? = 0
configure:9336: result: yes
configure:9344: checking if gcc supports -c -o file.o
configure:9391: result: yes
configure:9424: checking whether the gcc linker (c:/aegis/mingw/mingw32/bin/ld.exe) supports shared libraries
configure:10581: result: yes
configure:10618: checking whether -lc should be explicitly linked in
configure:10626: gcc -c -g -O2  conftest.c >&5
configure:10629: $? = 0
configure:10644: gcc -shared conftest.o  -v -o ./conftest -Wl,--enable-auto-image-base -Xlinker --out-implib -Xlinker conftest 2\>\&1 \| /usr/bin/grep  -lc  \>/dev/null 2\>\&1
configure:10647: $? = 1
configure:10661: result: yes
configure:10821: checking dynamic linker characteristics
configure:11555: result: Win32 ld.exe
configure:11662: checking how to hardcode library paths into programs
configure:11687: result: immediate
configure:12227: checking whether stripping libraries is possible
configure:12232: result: yes
configure:12267: checking if libtool supports shared libraries
configure:12269: result: yes
configure:12272: checking whether to build shared libraries
configure:12293: result: yes
configure:12296: checking whether to build static libraries
configure:12300: result: no
configure:12380: checking for ranlib
configure:12407: result: ranlib
configure:12483: checking for pkg-config
configure:12516: result: no
configure:12555: checking for strdup
configure:12555: gcc -o conftest.exe -g -O2   conftest.c  >&5
conftest.c:48:6: warning: conflicting types for built-in function 'strdup'
configure:12555: $? = 0
configure:12555: result: yes
configure:12574: checking for pthread_mutex_init in -lpthread
configure:12599: gcc -o conftest.exe -g -O2   conftest.c -lpthread   >&5
configure:12599: $? = 0
configure:12608: result: yes
configure:12652: checking for png
configure:12720: result: no
configure:12722: error: in `/d/Temp/qrencode-3.4.4':
configure:12724: error: The pkg-config script could not be found or is too old.  Make sure it
is in your PATH or set the PKG_CONFIG environment variable to the full
path to pkg-config.

Alternatively, you may set the environment variables png_CFLAGS
and png_LIBS to avoid the need to call pkg-config.
See the pkg-config man page for more details.

To get pkg-config, see <http://pkg-config.freedesktop.org/>.
See `config.log' for more details

## ---------------- ##
## Cache variables. ##
## ---------------- ##

ac_cv_build=i686-pc-mingw32
ac_cv_c_compiler_gnu=yes
ac_cv_c_const=yes
ac_cv_c_inline=inline
ac_cv_env_CC_set=
ac_cv_env_CC_value=
ac_cv_env_CFLAGS_set=
ac_cv_env_CFLAGS_value=
ac_cv_env_CPPFLAGS_set=
ac_cv_env_CPPFLAGS_value=
ac_cv_env_CPP_set=
ac_cv_env_CPP_value=
ac_cv_env_LDFLAGS_set=
ac_cv_env_LDFLAGS_value=
ac_cv_env_LIBS_set=
ac_cv_env_LIBS_value=
ac_cv_env_PKG_CONFIG_LIBDIR_set=
ac_cv_env_PKG_CONFIG_LIBDIR_value=
ac_cv_env_PKG_CONFIG_PATH_set=
ac_cv_env_PKG_CONFIG_PATH_value=
ac_cv_env_PKG_CONFIG_set=
ac_cv_env_PKG_CONFIG_value=
ac_cv_env_build_alias_set=
ac_cv_env_build_alias_value=
ac_cv_env_host_alias_set=
ac_cv_env_host_alias_value=
ac_cv_env_png_CFLAGS_set=
ac_cv_env_png_CFLAGS_value=
ac_cv_env_png_LIBS_set=
ac_cv_env_png_LIBS_value=
ac_cv_env_target_alias_set=
ac_cv_env_target_alias_value=
ac_cv_exeext=.exe
ac_cv_func_strdup=yes
ac_cv_header_dlfcn_h=no
ac_cv_header_inttypes_h=yes
ac_cv_header_memory_h=yes
ac_cv_header_stdc=yes
ac_cv_header_stdint_h=yes
ac_cv_header_stdlib_h=yes
ac_cv_header_string_h=yes
ac_cv_header_strings_h=yes
ac_cv_header_sys_stat_h=yes
ac_cv_header_sys_types_h=yes
ac_cv_header_unistd_h=yes
ac_cv_host=i686-pc-mingw32
ac_cv_lib_pthread_pthread_mutex_init=yes
ac_cv_objext=o
ac_cv_path_EGREP='/usr/bin/grep -E'
ac_cv_path_FGREP='/usr/bin/grep -F'
ac_cv_path_GREP=/usr/bin/grep
ac_cv_path_SED=/usr/bin/sed
ac_cv_path_install='/usr/bin/install -c'
ac_cv_path_mkdir=/usr/bin/mkdir
ac_cv_prog_AWK=gawk
ac_cv_prog_CPP='gcc -E'
ac_cv_prog_ac_ct_AR=ar
ac_cv_prog_ac_ct_CC=gcc
ac_cv_prog_ac_ct_DLLTOOL=dlltool
ac_cv_prog_ac_ct_OBJDUMP=objdump
ac_cv_prog_ac_ct_RANLIB=ranlib
ac_cv_prog_ac_ct_STRIP=strip
ac_cv_prog_cc_c89=
ac_cv_prog_cc_g=yes
ac_cv_prog_make_make_set=yes
ac_cv_target=i686-pc-mingw32
am_cv_CC_dependencies_compiler_type=gcc3
am_cv_make_support_nested_variables=yes
am_cv_prog_cc_c_o=yes
lt_cv_ar_at_file=@
lt_cv_archive_cmds_need_lc=yes
lt_cv_deplibs_check_method='file_magic ^x86 archive import|^x86 DLL'
lt_cv_file_magic_cmd=func_win32_libid
lt_cv_file_magic_test_file=
lt_cv_ld_reload_flag=-r
lt_cv_nm_interface='BSD nm'
lt_cv_objdir=.libs
lt_cv_path_LD=c:/aegis/mingw/mingw32/bin/ld.exe
lt_cv_path_NM=/c/Aegis/MinGW/bin/nm
lt_cv_path_mainfest_tool=no
lt_cv_prog_compiler_c_o=yes
lt_cv_prog_compiler_pic='-DDLL_EXPORT -DPIC'
lt_cv_prog_compiler_pic_works=yes
lt_cv_prog_compiler_rtti_exceptions=no
lt_cv_prog_compiler_static_works=yes
lt_cv_prog_gnu_ld=yes
lt_cv_sharedlib_from_linklib_cmd=func_cygming_dll_for_implib
lt_cv_sys_global_symbol_pipe='sed -n -e '\''s/^.*[	 ]\([ABCDGIRSTW][ABCDGIRSTW]*\)[	 ][	 ]*_\([_A-Za-z][_A-Za-z0-9]*\)\{0,1\}$/\1 _\2 \2/p'\'' | sed '\''/ __gnu_lto/d'\'''
lt_cv_sys_global_symbol_to_c_name_address='sed -n -e '\''s/^: \([^ ]*\)[ ]*$/  {\"\1\", (void *) 0},/p'\'' -e '\''s/^[ABCDGIRSTW]* \([^ ]*\) \([^ ]*\)$/  {"\2", (void *) \&\2},/p'\'''
lt_cv_sys_global_symbol_to_c_name_address_lib_prefix='sed -n -e '\''s/^: \([^ ]*\)[ ]*$/  {\"\1\", (void *) 0},/p'\'' -e '\''s/^[ABCDGIRSTW]* \([^ ]*\) \(lib[^ ]*\)$/  {"\2", (void *) \&\2},/p'\'' -e '\''s/^[ABCDGIRSTW]* \([^ ]*\) \([^ ]*\)$/  {"lib\2", (void *) \&\2},/p'\'''
lt_cv_sys_global_symbol_to_cdecl='sed -n -e '\''s/^T .* \(.*\)$/extern int \1();/p'\'' -e '\''s/^[ABCDGIRSTW]* .* \(.*\)$/extern char \1;/p'\'''
lt_cv_sys_max_cmd_len=8192
lt_cv_to_host_file_cmd=func_convert_file_msys_to_w32
lt_cv_to_tool_file_cmd=func_convert_file_msys_to_w32

## ----------------- ##
## Output variables. ##
## ----------------- ##

ACLOCAL='${SHELL} /d/Temp/qrencode-3.4.4/use/missing aclocal-1.14'
AMDEPBACKSLASH='\'
AMDEP_FALSE='#'
AMDEP_TRUE=''
AMTAR='$${TAR-tar}'
AM_BACKSLASH='\'
AM_DEFAULT_V='$(AM_DEFAULT_VERBOSITY)'
AM_DEFAULT_VERBOSITY='1'
AM_V='$(V)'
AR='ar'
AUTOCONF='${SHELL} /d/Temp/qrencode-3.4.4/use/missing autoconf'
AUTOHEADER='${SHELL} /d/Temp/qrencode-3.4.4/use/missing autoheader'
AUTOMAKE='${SHELL} /d/Temp/qrencode-3.4.4/use/missing automake-1.14'
AWK='gawk'
BUILD_TESTS_FALSE=''
BUILD_TESTS_TRUE=''
BUILD_TOOLS_FALSE='#'
BUILD_TOOLS_TRUE=''
CC='gcc'
CCDEPMODE='depmode=gcc3'
CFLAGS='-g -O2'
CPP='gcc -E'
CPPFLAGS=''
CYGPATH_W='echo'
DEFS=''
DEPDIR='.deps'
DLLTOOL='dlltool'
DSYMUTIL=''
DUMPBIN=''
ECHO_C=''
ECHO_N='-n'
ECHO_T=''
EGREP='/usr/bin/grep -E'
EXEEXT='.exe'
FGREP='/usr/bin/grep -F'
GREP='/usr/bin/grep'
HAVE_LIBPTHREAD_FALSE='#'
HAVE_LIBPTHREAD_TRUE=''
HAVE_SDL_FALSE=''
HAVE_SDL_TRUE=''
INSTALL_DATA='${INSTALL} -m 644'
INSTALL_PROGRAM='${INSTALL}'
INSTALL_SCRIPT='${INSTALL}'
INSTALL_STRIP_PROGRAM='$(install_sh) -c -s'
LD='c:/aegis/mingw/mingw32/bin/ld.exe'
LDFLAGS=''
LIBICONV=''
LIBOBJS=''
LIBPTHREAD='-lpthread'
LIBS=''
LIBTOOL='$(SHELL) $(top_builddir)/libtool'
LIPO=''
LN_S='cp -pR'
LTLIBICONV=''
LTLIBOBJS=''
MAJOR_VERSION='3'
MAKEINFO='${SHELL} /d/Temp/qrencode-3.4.4/use/missing makeinfo'
MANIFEST_TOOL=':'
MICRO_VERSION='4'
MINOR_VERSION='4'
MKDIR_P='/usr/bin/mkdir -p'
NM='/c/Aegis/MinGW/bin/nm'
NMEDIT=''
OBJDUMP='objdump'
OBJEXT='o'
OTOOL64=''
OTOOL=''
PACKAGE='qrencode'
PACKAGE_BUGREPORT=''
PACKAGE_NAME='QRencode'
PACKAGE_STRING='QRencode 3.4.4'
PACKAGE_TARNAME='qrencode'
PACKAGE_URL=''
PACKAGE_VERSION='3.4.4'
PATH_SEPARATOR=':'
PKG_CONFIG=''
PKG_CONFIG_LIBDIR=''
PKG_CONFIG_PATH=''
RANLIB='ranlib'
SDL_CFLAGS=''
SDL_CONFIG=''
SDL_LIBS=''
SED='/usr/bin/sed'
SET_MAKE=''
SHELL='/bin/sh'
STRIP='strip'
VERSION='3.4.4'
ac_ct_AR='ar'
ac_ct_CC='gcc'
ac_ct_DUMPBIN=''
am__EXEEXT_FALSE=''
am__EXEEXT_TRUE=''
am__fastdepCC_FALSE='#'
am__fastdepCC_TRUE=''
am__include='include'
am__isrc=''
am__leading_dot='.'
am__nodep='_no'
am__quote=''
am__tar='$${TAR-tar} chof - "$$tardir"'
am__untar='$${TAR-tar} xf -'
bindir='${exec_prefix}/bin'
build='i686-pc-mingw32'
build_alias=''
build_cpu='i686'
build_os='mingw32'
build_vendor='pc'
datadir='${datarootdir}'
datarootdir='${prefix}/share'
docdir='${datarootdir}/doc/${PACKAGE_TARNAME}'
dvidir='${docdir}'
exec_prefix='NONE'
host='i686-pc-mingw32'
host_alias=''
host_cpu='i686'
host_os='mingw32'
host_vendor='pc'
htmldir='${docdir}'
includedir='${prefix}/include'
infodir='${datarootdir}/info'
install_sh='${SHELL} /d/Temp/qrencode-3.4.4/use/install-sh'
libdir='${exec_prefix}/lib'
libexecdir='${exec_prefix}/libexec'
localedir='${datarootdir}/locale'
localstatedir='${prefix}/var'
mandir='${datarootdir}/man'
mkdir_p='$(MKDIR_P)'
oldincludedir='/usr/include'
pdfdir='${docdir}'
png_CFLAGS=''
png_LIBS=''
prefix='NONE'
program_transform_name='s,x,x,'
psdir='${docdir}'
sbindir='${exec_prefix}/sbin'
sharedstatedir='${prefix}/com'
sysconfdir='${prefix}/etc'
target='i686-pc-mingw32'
target_alias=''
target_cpu='i686'
target_os='mingw32'
target_vendor='pc'

## ----------- ##
## confdefs.h. ##
## ----------- ##

/* confdefs.h */
#define PACKAGE_NAME "QRencode"
#define PACKAGE_TARNAME "qrencode"
#define PACKAGE_VERSION "3.4.4"
#define PACKAGE_STRING "QRencode 3.4.4"
#define PACKAGE_BUGREPORT ""
#define PACKAGE_URL ""
#define MAJOR_VERSION 3
#define MINOR_VERSION 4
#define MICRO_VERSION 4
#define PACKAGE "qrencode"
#define VERSION "3.4.4"
#define STDC_HEADERS 1
#define HAVE_SYS_TYPES_H 1
#define HAVE_SYS_STAT_H 1
#define HAVE_STDLIB_H 1
#define HAVE_STRING_H 1
#define HAVE_MEMORY_H 1
#define HAVE_STRINGS_H 1
#define HAVE_INTTYPES_H 1
#define HAVE_STDINT_H 1
#define HAVE_UNISTD_H 1
#define LT_OBJDIR ".libs/"
#define HAVE_STRDUP 1
#define HAVE_LIBPTHREAD 1

configure: exit 1
